5.2143 	WARNING 	User requested fullscreen with size [1024  768], but screen is actually [1920, 1080]. Using actual size
6.1575 	EXP 	Created window1 = Window(allowGUI=False, allowStencil=False, args=UNKNOWN, autoLog=True, bitsMode=UNKNOWN, blendMode='avg', color=array([0., 0., 0.]), colorSpace='rgb', fullscr=<method-wrapper '__getattribute__' of attributeSetter object at 0x10E41BF0>, gamma=None, kwargs=UNKNOWN, lms=UNKNOWN, monitor=<psychopy.monitors.calibTools.Monitor object at 0x123463D0>, multiSample=False, name='window1', numSamples=2, pos=[0.0, 0.0], screen=0, size=array([1920, 1080]), stereo=False, units='norm', useFBO=True, useRetina=False, viewOri=0.0, viewPos=None, viewScale=None, waitBlanking=True, winType='pyglet')
6.1575 	EXP 	window1: recordFrameIntervals = False
6.3236 	EXP 	window1: recordFrameIntervals = True
6.5070 	EXP 	window1: recordFrameIntervals = False
6.6115 	EXP 	Created instruct_text = TextStim(__class__=<class 'psychopy.visual.text.TextStim'>, alignHoriz='center', alignVert='center', antialias=True, autoLog=True, bold=False, color='white', colorSpace='named', contrast=1.0, depth=0.0, flipHoriz=False, flipVert=False, font='Arial', fontFiles=[], height=0.1, italic=False, languageStyle='LTR', name='instruct_text', opacity=1.0, ori=0, pos=array([0., 0.]), rgb=array([255., 255., 255.]), text=str(...), units='norm', win=Window(...), wrapWidth=1)
6.7035 	EXP 	Created instruct2_text = TextStim(__class__=<class 'psychopy.visual.text.TextStim'>, alignHoriz='center', alignVert='center', antialias=True, autoLog=True, bold=False, color='white', colorSpace='named', contrast=1.0, depth=0.0, flipHoriz=False, flipVert=False, font='Arial', fontFiles=[], height=0.1, italic=False, languageStyle='LTR', name='instruct2_text', opacity=1.0, ori=0, pos=array([0., 0.]), rgb=array([255., 255., 255.]), text=str(...), units='norm', win=Window(...), wrapWidth=1)
6.7949 	EXP 	Created instruct3_text = TextStim(__class__=<class 'psychopy.visual.text.TextStim'>, alignHoriz='center', alignVert='center', antialias=True, autoLog=True, bold=False, color='white', colorSpace='named', contrast=1.0, depth=0.0, flipHoriz=False, flipVert=False, font='Arial', fontFiles=[], height=0.08, italic=False, languageStyle='LTR', name='instruct3_text', opacity=1.0, ori=0, pos=array([0., 0.]), rgb=array([255., 255., 255.]), text=str(...), units='norm', win=Window(...), wrapWidth=1)
6.8165 	EXP 	Created text_2 = TextStim(__class__=<class 'psychopy.visual.text.TextStim'>, alignHoriz='center', alignVert='center', antialias=True, autoLog=True, bold=False, color='white', colorSpace='named', contrast=1.0, depth=-2.0, flipHoriz=False, flipVert=False, font='Arial', fontFiles=[], height=0.05, italic=False, languageStyle='LTR', name='text_2', opacity=1.0, ori=0, pos=array([ 0. , -0.9]), rgb=array([255., 255., 255.]), text=str(...), units='norm', win=Window(...), wrapWidth=1)
6.8649 	EXP 	Created text = TextStim(__class__=<class 'psychopy.visual.text.TextStim'>, alignHoriz='center', alignVert='center', antialias=True, autoLog=True, bold=False, color='white', colorSpace='named', contrast=1.0, depth=0.0, flipHoriz=False, flipVert=False, font='Arial', fontFiles=[], height=0.1, italic=False, languageStyle='LTR', name='text', opacity=1.0, ori=0, pos=array([0., 0.]), rgb=array([255., 255., 255.]), text=str(...), units='norm', win=Window(...), wrapWidth=1)
6.8778 	EXP 	Created end_text = TextStim(__class__=<class 'psychopy.visual.text.TextStim'>, alignHoriz='center', alignVert='center', antialias=True, autoLog=True, bold=False, color='white', colorSpace='named', contrast=1.0, depth=0.0, flipHoriz=False, flipVert=False, font='Arial', fontFiles=[], height=0.1, italic=False, languageStyle='LTR', name='end_text', opacity=1.0, ori=0, pos=array([0., 0.]), rgb=array([255., 255., 255.]), text=str(...), units='norm', win=Window(...), wrapWidth=1)
6.8900 	EXP 	instruct_text: autoDraw = True
8.3067 	DATA 	Keypress: c
8.3233 	EXP 	instruct_text: autoDraw = False
8.3233 	EXP 	instruct2_text: autoDraw = True
10.4066 	DATA 	Keypress: c
10.4232 	EXP 	instruct2_text: autoDraw = False
10.4232 	EXP 	instruct3_text: autoDraw = True
17.2896 	DATA 	Keypress: space
17.2987 	EXP 	Imported stim_list.csv as conditions, 36 conditions, 2 params
17.2991 	EXP 	Created sequence: random, trialTypes=36, nReps=1, seed=None
17.2995 	EXP 	New trial (rep=0, index=0): OrderedDict([('vid', 'stims/08HappyFemalewhite.avi'), ('corr', 3)])
17.7085 	EXP 	Created movie = MovieStim3(__class__=<class 'psychopy.visual.movie3.MovieStim3'>, autoLog=True, color=UNKNOWN, colorSpace=UNKNOWN, depth=0.0, filename='stims/08HappyFemalewhite.avi', flipHoriz=False, flipVert=False, fps=UNKNOWN, interpolate=True, loop=False, name='movie', noAudio=True, opacity=1.0, ori=0, pos=array([0. , 0.2]), size=array([900., 900.]), units='pix', vframe_callback=UNKNOWN, volume=UNKNOWN, win=Window(...))
17.7395 	EXP 	instruct3_text: autoDraw = False
17.7395 	EXP 	movie: movie = 'stims/08HappyFemalewhite.avi'
17.7395 	EXP 	movie: autoLog = True
17.7395 	EXP 	movie: autoDraw = True
17.7395 	EXP 	text_2: autoDraw = True
20.0394 	DATA 	Keypress: space
20.0560 	EXP 	movie: autoDraw = False
20.0560 	EXP 	text_2: autoDraw = False
20.0560 	EXP 	text: autoDraw = True
20.6227 	DATA 	Keypress: 7
20.6236 	EXP 	New trial (rep=0, index=1): OrderedDict([('vid', 'stims/06AngryFemaleWhite.avi'), ('corr', 2)])
20.8273 	EXP 	Created movie = MovieStim3(__class__=<class 'psychopy.visual.movie3.MovieStim3'>, autoLog=True, color=UNKNOWN, colorSpace=UNKNOWN, depth=0.0, filename='stims/06AngryFemaleWhite.avi', flipHoriz=False, flipVert=False, fps=UNKNOWN, interpolate=True, loop=False, name='movie', noAudio=True, opacity=1.0, ori=0, pos=array([0. , 0.2]), size=array([900., 900.]), units='pix', vframe_callback=UNKNOWN, volume=UNKNOWN, win=Window(...))
20.8560 	EXP 	text: autoDraw = False
20.8560 	EXP 	movie: movie = 'stims/06AngryFemaleWhite.avi'
20.8560 	EXP 	movie: autoLog = True
20.8560 	EXP 	movie: autoDraw = True
20.8560 	EXP 	text_2: autoDraw = True
30.2888 	DATA 	Keypress: space
30.3054 	EXP 	movie: autoDraw = False
30.3054 	EXP 	text_2: autoDraw = False
30.3054 	EXP 	text: autoDraw = True
31.5722 	DATA 	Keypress: 3
31.5728 	EXP 	New trial (rep=0, index=2): OrderedDict([('vid', 'stims/23FearFemaleWhite.avi'), ('corr', 1)])
31.7852 	EXP 	Created movie = MovieStim3(__class__=<class 'psychopy.visual.movie3.MovieStim3'>, autoLog=True, color=UNKNOWN, colorSpace=UNKNOWN, depth=0.0, filename='stims/23FearFemaleWhite.avi', flipHoriz=False, flipVert=False, fps=UNKNOWN, interpolate=True, loop=False, name='movie', noAudio=True, opacity=1.0, ori=0, pos=array([0. , 0.2]), size=array([900., 900.]), units='pix', vframe_callback=UNKNOWN, volume=UNKNOWN, win=Window(...))
31.8053 	EXP 	text: autoDraw = False
31.8053 	EXP 	movie: movie = 'stims/23FearFemaleWhite.avi'
31.8053 	EXP 	movie: autoLog = True
31.8053 	EXP 	movie: autoDraw = True
31.8053 	EXP 	text_2: autoDraw = True
43.3048 	DATA 	Keypress: space
43.3213 	EXP 	movie: autoDraw = False
43.3213 	EXP 	text_2: autoDraw = False
43.3213 	EXP 	text: autoDraw = True
43.5881 	DATA 	Keypress: 4
43.5887 	EXP 	New trial (rep=0, index=3): OrderedDict([('vid', 'stims/02SadFemaleWhite.avi'), ('corr', 4)])
43.8051 	EXP 	Created movie = MovieStim3(__class__=<class 'psychopy.visual.movie3.MovieStim3'>, autoLog=True, color=UNKNOWN, colorSpace=UNKNOWN, depth=0.0, filename='stims/02SadFemaleWhite.avi', flipHoriz=False, flipVert=False, fps=UNKNOWN, interpolate=True, loop=False, name='movie', noAudio=True, opacity=1.0, ori=0, pos=array([0. , 0.2]), size=array([900., 900.]), units='pix', vframe_callback=UNKNOWN, volume=UNKNOWN, win=Window(...))
43.8380 	EXP 	text: autoDraw = False
43.8380 	EXP 	movie: movie = 'stims/02SadFemaleWhite.avi'
43.8380 	EXP 	movie: autoLog = True
43.8380 	EXP 	movie: autoDraw = True
43.8380 	EXP 	text_2: autoDraw = True
45.3880 	DATA 	Keypress: space
45.4046 	EXP 	movie: autoDraw = False
45.4046 	EXP 	text_2: autoDraw = False
45.4046 	EXP 	text: autoDraw = True
45.8047 	DATA 	Keypress: 3
45.8053 	EXP 	New trial (rep=0, index=4): OrderedDict([('vid', 'stims/28HappyFemaleWhite.avi'), ('corr', 3)])
46.0094 	EXP 	Created movie = MovieStim3(__class__=<class 'psychopy.visual.movie3.MovieStim3'>, autoLog=True, color=UNKNOWN, colorSpace=UNKNOWN, depth=0.0, filename='stims/28HappyFemaleWhite.avi', flipHoriz=False, flipVert=False, fps=UNKNOWN, interpolate=True, loop=False, name='movie', noAudio=True, opacity=1.0, ori=0, pos=array([0. , 0.2]), size=array([900., 900.]), units='pix', vframe_callback=UNKNOWN, volume=UNKNOWN, win=Window(...))
46.0380 	EXP 	text: autoDraw = False
46.0380 	EXP 	movie: movie = 'stims/28HappyFemaleWhite.avi'
46.0380 	EXP 	movie: autoLog = True
46.0380 	EXP 	movie: autoDraw = True
46.0380 	EXP 	text_2: autoDraw = True
46.7896 	DATA 	Keypress: space
46.8045 	EXP 	movie: autoDraw = False
46.8045 	EXP 	text_2: autoDraw = False
46.8045 	EXP 	text: autoDraw = True
47.2047 	DATA 	Keypress: 5
47.2054 	EXP 	New trial (rep=0, index=5): OrderedDict([('vid', 'stims/07HappyFemaleWhite.avi'), ('corr', 3)])
47.4287 	EXP 	Created movie = MovieStim3(__class__=<class 'psychopy.visual.movie3.MovieStim3'>, autoLog=True, color=UNKNOWN, colorSpace=UNKNOWN, depth=0.0, filename='stims/07HappyFemaleWhite.avi', flipHoriz=False, flipVert=False, fps=UNKNOWN, interpolate=True, loop=False, name='movie', noAudio=True, opacity=1.0, ori=0, pos=array([0. , 0.2]), size=array([900., 900.]), units='pix', vframe_callback=UNKNOWN, volume=UNKNOWN, win=Window(...))
47.4545 	EXP 	text: autoDraw = False
47.4545 	EXP 	movie: movie = 'stims/07HappyFemaleWhite.avi'
47.4545 	EXP 	movie: autoLog = True
47.4545 	EXP 	movie: autoDraw = True
47.4545 	EXP 	text_2: autoDraw = True
48.3216 	DATA 	Keypress: space
48.3378 	EXP 	movie: autoDraw = False
48.3378 	EXP 	text_2: autoDraw = False
48.3378 	EXP 	text: autoDraw = True
48.8878 	DATA 	Keypress: 7
48.8884 	EXP 	New trial (rep=0, index=6): OrderedDict([('vid', 'stims/24AngryFemaleWhite.avi'), ('corr', 2)])
49.1000 	EXP 	Created movie = MovieStim3(__class__=<class 'psychopy.visual.movie3.MovieStim3'>, autoLog=True, color=UNKNOWN, colorSpace=UNKNOWN, depth=0.0, filename='stims/24AngryFemaleWhite.avi', flipHoriz=False, flipVert=False, fps=UNKNOWN, interpolate=True, loop=False, name='movie', noAudio=True, opacity=1.0, ori=0, pos=array([0. , 0.2]), size=array([900., 900.]), units='pix', vframe_callback=UNKNOWN, volume=UNKNOWN, win=Window(...))
49.1211 	EXP 	text: autoDraw = False
49.1211 	EXP 	movie: movie = 'stims/24AngryFemaleWhite.avi'
49.1211 	EXP 	movie: autoLog = True
49.1211 	EXP 	movie: autoDraw = True
49.1211 	EXP 	text_2: autoDraw = True
49.8711 	DATA 	Keypress: space
49.8876 	EXP 	movie: autoDraw = False
49.8876 	EXP 	text_2: autoDraw = False
49.8876 	EXP 	text: autoDraw = True
50.3211 	DATA 	Keypress: 6
50.3217 	EXP 	New trial (rep=0, index=7): OrderedDict([('vid', 'stims/14FearMaleWhite.avi'), ('corr', 1)])
50.5293 	EXP 	Created movie = MovieStim3(__class__=<class 'psychopy.visual.movie3.MovieStim3'>, autoLog=True, color=UNKNOWN, colorSpace=UNKNOWN, depth=0.0, filename='stims/14FearMaleWhite.avi', flipHoriz=False, flipVert=False, fps=UNKNOWN, interpolate=True, loop=False, name='movie', noAudio=True, opacity=1.0, ori=0, pos=array([0. , 0.2]), size=array([900., 900.]), units='pix', vframe_callback=UNKNOWN, volume=UNKNOWN, win=Window(...))
50.5543 	EXP 	text: autoDraw = False
50.5543 	EXP 	movie: movie = 'stims/14FearMaleWhite.avi'
50.5543 	EXP 	movie: autoLog = True
50.5543 	EXP 	movie: autoDraw = True
50.5543 	EXP 	text_2: autoDraw = True
50.9716 	DATA 	Keypress: space
51.0043 	EXP 	movie: autoDraw = False
51.0043 	EXP 	text_2: autoDraw = False
51.0043 	EXP 	text: autoDraw = True
51.3377 	DATA 	Keypress: 5
51.3384 	EXP 	New trial (rep=0, index=8): OrderedDict([('vid', 'stims/15DisgustMaleWhite.avi'), ('corr', 5)])
51.6372 	EXP 	Created movie = MovieStim3(__class__=<class 'psychopy.visual.movie3.MovieStim3'>, autoLog=True, color=UNKNOWN, colorSpace=UNKNOWN, depth=0.0, filename='stims/15DisgustMaleWhite.avi', flipHoriz=False, flipVert=False, fps=UNKNOWN, interpolate=True, loop=False, name='movie', noAudio=True, opacity=1.0, ori=0, pos=array([0. , 0.2]), size=array([900., 900.]), units='pix', vframe_callback=UNKNOWN, volume=UNKNOWN, win=Window(...))
51.6711 	EXP 	text: autoDraw = False
51.6711 	EXP 	movie: movie = 'stims/15DisgustMaleWhite.avi'
51.6711 	EXP 	movie: autoLog = True
51.6711 	EXP 	movie: autoDraw = True
51.6711 	EXP 	text_2: autoDraw = True
51.9376 	DATA 	Keypress: space
51.9542 	EXP 	movie: autoDraw = False
51.9542 	EXP 	text_2: autoDraw = False
51.9542 	EXP 	text: autoDraw = True
52.2376 	DATA 	Keypress: 4
52.2383 	EXP 	New trial (rep=0, index=9): OrderedDict([('vid', 'stims/10HappyMaleWhite.avi'), ('corr', 3)])
52.4324 	EXP 	Created movie = MovieStim3(__class__=<class 'psychopy.visual.movie3.MovieStim3'>, autoLog=True, color=UNKNOWN, colorSpace=UNKNOWN, depth=0.0, filename='stims/10HappyMaleWhite.avi', flipHoriz=False, flipVert=False, fps=UNKNOWN, interpolate=True, loop=False, name='movie', noAudio=True, opacity=1.0, ori=0, pos=array([0. , 0.2]), size=array([900., 900.]), units='pix', vframe_callback=UNKNOWN, volume=UNKNOWN, win=Window(...))
52.4542 	EXP 	text: autoDraw = False
52.4542 	EXP 	movie: movie = 'stims/10HappyMaleWhite.avi'
52.4542 	EXP 	movie: autoLog = True
52.4542 	EXP 	movie: autoDraw = True
52.4542 	EXP 	text_2: autoDraw = True
52.7710 	DATA 	Keypress: space
52.7875 	EXP 	movie: autoDraw = False
52.7875 	EXP 	text_2: autoDraw = False
52.7875 	EXP 	text: autoDraw = True
53.4543 	DATA 	Keypress: 3
53.4549 	EXP 	New trial (rep=0, index=10): OrderedDict([('vid', 'stims/21SurpriseMaleWhite.avi'), ('corr', 6)])
53.6888 	EXP 	Created movie = MovieStim3(__class__=<class 'psychopy.visual.movie3.MovieStim3'>, autoLog=True, color=UNKNOWN, colorSpace=UNKNOWN, depth=0.0, filename='stims/21SurpriseMaleWhite.avi', flipHoriz=False, flipVert=False, fps=UNKNOWN, interpolate=True, loop=False, name='movie', noAudio=True, opacity=1.0, ori=0, pos=array([0. , 0.2]), size=array([900., 900.]), units='pix', vframe_callback=UNKNOWN, volume=UNKNOWN, win=Window(...))
53.7208 	EXP 	text: autoDraw = False
53.7208 	EXP 	movie: movie = 'stims/21SurpriseMaleWhite.avi'
53.7208 	EXP 	movie: autoLog = True
53.7208 	EXP 	movie: autoDraw = True
53.7208 	EXP 	text_2: autoDraw = True
54.0709 	DATA 	Keypress: space
54.0874 	EXP 	movie: autoDraw = False
54.0874 	EXP 	text_2: autoDraw = False
54.0874 	EXP 	text: autoDraw = True
54.4046 	DATA 	Keypress: 2
54.4052 	EXP 	New trial (rep=0, index=11): OrderedDict([('vid', 'stims/31AngryMaleWhite.avi'), ('corr', 2)])
54.6072 	EXP 	Created movie = MovieStim3(__class__=<class 'psychopy.visual.movie3.MovieStim3'>, autoLog=True, color=UNKNOWN, colorSpace=UNKNOWN, depth=0.0, filename='stims/31AngryMaleWhite.avi', flipHoriz=False, flipVert=False, fps=UNKNOWN, interpolate=True, loop=False, name='movie', noAudio=True, opacity=1.0, ori=0, pos=array([0. , 0.2]), size=array([900., 900.]), units='pix', vframe_callback=UNKNOWN, volume=UNKNOWN, win=Window(...))
54.6374 	EXP 	text: autoDraw = False
54.6374 	EXP 	movie: movie = 'stims/31AngryMaleWhite.avi'
54.6374 	EXP 	movie: autoLog = True
54.6374 	EXP 	movie: autoDraw = True
54.6374 	EXP 	text_2: autoDraw = True
55.1042 	DATA 	Keypress: space
55.1207 	EXP 	movie: autoDraw = False
55.1207 	EXP 	text_2: autoDraw = False
55.1207 	EXP 	text: autoDraw = True
55.4542 	DATA 	Keypress: 1
55.4548 	EXP 	New trial (rep=0, index=12): OrderedDict([('vid', 'stims/19NeutralFemaleWhite.avi'), ('corr', 7)])
55.6626 	EXP 	Created movie = MovieStim3(__class__=<class 'psychopy.visual.movie3.MovieStim3'>, autoLog=True, color=UNKNOWN, colorSpace=UNKNOWN, depth=0.0, filename='stims/19NeutralFemaleWhite.avi', flipHoriz=False, flipVert=False, fps=UNKNOWN, interpolate=True, loop=False, name='movie', noAudio=True, opacity=1.0, ori=0, pos=array([0. , 0.2]), size=array([900., 900.]), units='pix', vframe_callback=UNKNOWN, volume=UNKNOWN, win=Window(...))
55.6874 	EXP 	text: autoDraw = False
55.6874 	EXP 	movie: movie = 'stims/19NeutralFemaleWhite.avi'
55.6874 	EXP 	movie: autoLog = True
55.6874 	EXP 	movie: autoDraw = True
55.6874 	EXP 	text_2: autoDraw = True
56.1709 	DATA 	Keypress: space
56.1873 	EXP 	movie: autoDraw = False
56.1873 	EXP 	text_2: autoDraw = False
56.1873 	EXP 	text: autoDraw = True
57.0874 	DATA 	Keypress: g
57.5373 	DATA 	Keypress: g
57.6709 	DATA 	Keypress: g
57.7873 	DATA 	Keypress: g
58.1040 	DATA 	Keypress: 4
58.1046 	EXP 	New trial (rep=0, index=13): OrderedDict([('vid', 'stims/18NeutralFemaleWhite.avi'), ('corr', 7)])
58.3333 	EXP 	Created movie = MovieStim3(__class__=<class 'psychopy.visual.movie3.MovieStim3'>, autoLog=True, color=UNKNOWN, colorSpace=UNKNOWN, depth=0.0, filename='stims/18NeutralFemaleWhite.avi', flipHoriz=False, flipVert=False, fps=UNKNOWN, interpolate=True, loop=False, name='movie', noAudio=True, opacity=1.0, ori=0, pos=array([0. , 0.2]), size=array([900., 900.]), units='pix', vframe_callback=UNKNOWN, volume=UNKNOWN, win=Window(...))
58.3539 	EXP 	text: autoDraw = False
58.3539 	EXP 	movie: movie = 'stims/18NeutralFemaleWhite.avi'
58.3539 	EXP 	movie: autoLog = True
58.3539 	EXP 	movie: autoDraw = True
58.3539 	EXP 	text_2: autoDraw = True
58.8873 	DATA 	Keypress: space
58.9038 	EXP 	movie: autoDraw = False
58.9038 	EXP 	text_2: autoDraw = False
58.9038 	EXP 	text: autoDraw = True
59.5206 	DATA 	Keypress: d
60.0205 	DATA 	Keypress: 3
60.0212 	EXP 	New trial (rep=0, index=14): OrderedDict([('vid', 'stims/09HappyMaleWhite.avi'), ('corr', 3)])
60.2251 	EXP 	Created movie = MovieStim3(__class__=<class 'psychopy.visual.movie3.MovieStim3'>, autoLog=True, color=UNKNOWN, colorSpace=UNKNOWN, depth=0.0, filename='stims/09HappyMaleWhite.avi', flipHoriz=False, flipVert=False, fps=UNKNOWN, interpolate=True, loop=False, name='movie', noAudio=True, opacity=1.0, ori=0, pos=array([0. , 0.2]), size=array([900., 900.]), units='pix', vframe_callback=UNKNOWN, volume=UNKNOWN, win=Window(...))
60.2538 	EXP 	text: autoDraw = False
60.2538 	EXP 	movie: movie = 'stims/09HappyMaleWhite.avi'
60.2538 	EXP 	movie: autoLog = True
60.2538 	EXP 	movie: autoDraw = True
60.2538 	EXP 	text_2: autoDraw = True
60.6372 	DATA 	Keypress: space
60.6537 	EXP 	movie: autoDraw = False
60.6537 	EXP 	text_2: autoDraw = False
60.6537 	EXP 	text: autoDraw = True
60.9538 	DATA 	Keypress: 3
60.9544 	EXP 	New trial (rep=0, index=15): OrderedDict([('vid', 'stims/03AngryMaleWhite.avi'), ('corr', 2)])
61.1855 	EXP 	Created movie = MovieStim3(__class__=<class 'psychopy.visual.movie3.MovieStim3'>, autoLog=True, color=UNKNOWN, colorSpace=UNKNOWN, depth=0.0, filename='stims/03AngryMaleWhite.avi', flipHoriz=False, flipVert=False, fps=UNKNOWN, interpolate=True, loop=False, name='movie', noAudio=True, opacity=1.0, ori=0, pos=array([0. , 0.2]), size=array([900., 900.]), units='pix', vframe_callback=UNKNOWN, volume=UNKNOWN, win=Window(...))
61.2037 	EXP 	text: autoDraw = False
61.2037 	EXP 	movie: movie = 'stims/03AngryMaleWhite.avi'
61.2037 	EXP 	movie: autoLog = True
61.2037 	EXP 	movie: autoDraw = True
61.2037 	EXP 	text_2: autoDraw = True
61.5042 	DATA 	Keypress: space
61.5205 	EXP 	movie: autoDraw = False
61.5205 	EXP 	text_2: autoDraw = False
61.5205 	EXP 	text: autoDraw = True
61.8538 	DATA 	Keypress: 3
61.8544 	EXP 	New trial (rep=0, index=16): OrderedDict([('vid', 'stims/12SadMaleWhite.avi'), ('corr', 4)])
62.0622 	EXP 	Created movie = MovieStim3(__class__=<class 'psychopy.visual.movie3.MovieStim3'>, autoLog=True, color=UNKNOWN, colorSpace=UNKNOWN, depth=0.0, filename='stims/12SadMaleWhite.avi', flipHoriz=False, flipVert=False, fps=UNKNOWN, interpolate=True, loop=False, name='movie', noAudio=True, opacity=1.0, ori=0, pos=array([0. , 0.2]), size=array([900., 900.]), units='pix', vframe_callback=UNKNOWN, volume=UNKNOWN, win=Window(...))
62.0871 	EXP 	text: autoDraw = False
62.0871 	EXP 	movie: movie = 'stims/12SadMaleWhite.avi'
62.0871 	EXP 	movie: autoLog = True
62.0871 	EXP 	movie: autoDraw = True
62.0871 	EXP 	text_2: autoDraw = True
62.3871 	DATA 	Keypress: space
62.4036 	EXP 	movie: autoDraw = False
62.4036 	EXP 	text_2: autoDraw = False
62.4036 	EXP 	text: autoDraw = True
62.7038 	DATA 	Keypress: 3
62.7044 	EXP 	New trial (rep=0, index=17): OrderedDict([('vid', 'stims/05SurpriseFemaleWhite.avi'), ('corr', 6)])
62.9272 	EXP 	Created movie = MovieStim3(__class__=<class 'psychopy.visual.movie3.MovieStim3'>, autoLog=True, color=UNKNOWN, colorSpace=UNKNOWN, depth=0.0, filename='stims/05SurpriseFemaleWhite.avi', flipHoriz=False, flipVert=False, fps=UNKNOWN, interpolate=True, loop=False, name='movie', noAudio=True, opacity=1.0, ori=0, pos=array([0. , 0.2]), size=array([900., 900.]), units='pix', vframe_callback=UNKNOWN, volume=UNKNOWN, win=Window(...))
62.9536 	EXP 	text: autoDraw = False
62.9536 	EXP 	movie: movie = 'stims/05SurpriseFemaleWhite.avi'
62.9536 	EXP 	movie: autoLog = True
62.9536 	EXP 	movie: autoDraw = True
62.9536 	EXP 	text_2: autoDraw = True
63.2037 	DATA 	Keypress: space
63.2203 	EXP 	movie: autoDraw = False
63.2203 	EXP 	text_2: autoDraw = False
63.2203 	EXP 	text: autoDraw = True
63.4704 	DATA 	Keypress: 3
63.4710 	EXP 	New trial (rep=0, index=18): OrderedDict([('vid', 'stims/36AngryMaleWhite.avi'), ('corr', 2)])
63.7756 	EXP 	Created movie = MovieStim3(__class__=<class 'psychopy.visual.movie3.MovieStim3'>, autoLog=True, color=UNKNOWN, colorSpace=UNKNOWN, depth=0.0, filename='stims/36AngryMaleWhite.avi', flipHoriz=False, flipVert=False, fps=UNKNOWN, interpolate=True, loop=False, name='movie', noAudio=True, opacity=1.0, ori=0, pos=array([0. , 0.2]), size=array([900., 900.]), units='pix', vframe_callback=UNKNOWN, volume=UNKNOWN, win=Window(...))
63.8036 	EXP 	text: autoDraw = False
63.8036 	EXP 	movie: movie = 'stims/36AngryMaleWhite.avi'
63.8036 	EXP 	movie: autoLog = True
63.8036 	EXP 	movie: autoDraw = True
63.8036 	EXP 	text_2: autoDraw = True
64.0537 	DATA 	Keypress: space
64.0702 	EXP 	movie: autoDraw = False
64.0702 	EXP 	text_2: autoDraw = False
64.0702 	EXP 	text: autoDraw = True
64.3203 	DATA 	Keypress: 3
64.3209 	EXP 	New trial (rep=0, index=19): OrderedDict([('vid', 'stims/33NeutralMaleWhite.avi'), ('corr', 7)])
64.5237 	EXP 	Created movie = MovieStim3(__class__=<class 'psychopy.visual.movie3.MovieStim3'>, autoLog=True, color=UNKNOWN, colorSpace=UNKNOWN, depth=0.0, filename='stims/33NeutralMaleWhite.avi', flipHoriz=False, flipVert=False, fps=UNKNOWN, interpolate=True, loop=False, name='movie', noAudio=True, opacity=1.0, ori=0, pos=array([0. , 0.2]), size=array([900., 900.]), units='pix', vframe_callback=UNKNOWN, volume=UNKNOWN, win=Window(...))
64.5541 	EXP 	text: autoDraw = False
64.5541 	EXP 	movie: movie = 'stims/33NeutralMaleWhite.avi'
64.5541 	EXP 	movie: autoLog = True
64.5541 	EXP 	movie: autoDraw = True
64.5541 	EXP 	text_2: autoDraw = True
65.6536 	DATA 	Keypress: space
65.6701 	EXP 	movie: autoDraw = False
65.6701 	EXP 	text_2: autoDraw = False
65.6701 	EXP 	text: autoDraw = True
65.9702 	DATA 	Keypress: 3
65.9709 	EXP 	New trial (rep=0, index=20): OrderedDict([('vid', 'stims/35AngryMaleWhite.avi'), ('corr', 2)])
66.2819 	EXP 	Created movie = MovieStim3(__class__=<class 'psychopy.visual.movie3.MovieStim3'>, autoLog=True, color=UNKNOWN, colorSpace=UNKNOWN, depth=0.0, filename='stims/35AngryMaleWhite.avi', flipHoriz=False, flipVert=False, fps=UNKNOWN, interpolate=True, loop=False, name='movie', noAudio=True, opacity=1.0, ori=0, pos=array([0. , 0.2]), size=array([900., 900.]), units='pix', vframe_callback=UNKNOWN, volume=UNKNOWN, win=Window(...))
66.3034 	EXP 	text: autoDraw = False
66.3034 	EXP 	movie: movie = 'stims/35AngryMaleWhite.avi'
66.3034 	EXP 	movie: autoLog = True
66.3034 	EXP 	movie: autoDraw = True
66.3034 	EXP 	text_2: autoDraw = True
71.2366 	DATA 	Keypress: space
71.2532 	EXP 	movie: autoDraw = False
71.2532 	EXP 	text_2: autoDraw = False
71.2532 	EXP 	text: autoDraw = True
72.9365 	DATA 	Keypress: 4
72.9372 	EXP 	New trial (rep=0, index=21): OrderedDict([('vid', 'stims/04SadFemaleWhite.avi'), ('corr', 4)])
73.1481 	EXP 	Created movie = MovieStim3(__class__=<class 'psychopy.visual.movie3.MovieStim3'>, autoLog=True, color=UNKNOWN, colorSpace=UNKNOWN, depth=0.0, filename='stims/04SadFemaleWhite.avi', flipHoriz=False, flipVert=False, fps=UNKNOWN, interpolate=True, loop=False, name='movie', noAudio=True, opacity=1.0, ori=0, pos=array([0. , 0.2]), size=array([900., 900.]), units='pix', vframe_callback=UNKNOWN, volume=UNKNOWN, win=Window(...))
73.1697 	EXP 	text: autoDraw = False
73.1697 	EXP 	movie: movie = 'stims/04SadFemaleWhite.avi'
73.1697 	EXP 	movie: autoLog = True
73.1697 	EXP 	movie: autoDraw = True
73.1697 	EXP 	text_2: autoDraw = True
74.8364 	DATA 	Keypress: space
74.8529 	EXP 	movie: autoDraw = False
74.8529 	EXP 	text_2: autoDraw = False
74.8529 	EXP 	text: autoDraw = True
75.1198 	DATA 	Keypress: 3
75.1204 	EXP 	New trial (rep=0, index=22): OrderedDict([('vid', 'stims/27SurpriseFemaleWhite.avi'), ('corr', 6)])
75.3750 	EXP 	Created movie = MovieStim3(__class__=<class 'psychopy.visual.movie3.MovieStim3'>, autoLog=True, color=UNKNOWN, colorSpace=UNKNOWN, depth=0.0, filename='stims/27SurpriseFemaleWhite.avi', flipHoriz=False, flipVert=False, fps=UNKNOWN, interpolate=True, loop=False, name='movie', noAudio=True, opacity=1.0, ori=0, pos=array([0. , 0.2]), size=array([900., 900.]), units='pix', vframe_callback=UNKNOWN, volume=UNKNOWN, win=Window(...))
75.4030 	EXP 	text: autoDraw = False
75.4030 	EXP 	movie: movie = 'stims/27SurpriseFemaleWhite.avi'
75.4030 	EXP 	movie: autoLog = True
75.4030 	EXP 	movie: autoDraw = True
75.4030 	EXP 	text_2: autoDraw = True
75.8864 	DATA 	Keypress: space
75.9030 	EXP 	movie: autoDraw = False
75.9030 	EXP 	text_2: autoDraw = False
75.9030 	EXP 	text: autoDraw = True
76.1030 	DATA 	Keypress: 3
76.1037 	EXP 	New trial (rep=0, index=23): OrderedDict([('vid', 'stims/20NeutralFemaleWhite.avi'), ('corr', 7)])
76.3097 	EXP 	Created movie = MovieStim3(__class__=<class 'psychopy.visual.movie3.MovieStim3'>, autoLog=True, color=UNKNOWN, colorSpace=UNKNOWN, depth=0.0, filename='stims/20NeutralFemaleWhite.avi', flipHoriz=False, flipVert=False, fps=UNKNOWN, interpolate=True, loop=False, name='movie', noAudio=True, opacity=1.0, ori=0, pos=array([0. , 0.2]), size=array([900., 900.]), units='pix', vframe_callback=UNKNOWN, volume=UNKNOWN, win=Window(...))
76.3363 	EXP 	text: autoDraw = False
76.3363 	EXP 	movie: movie = 'stims/20NeutralFemaleWhite.avi'
76.3363 	EXP 	movie: autoLog = True
76.3363 	EXP 	movie: autoDraw = True
76.3363 	EXP 	text_2: autoDraw = True
76.6697 	DATA 	Keypress: space
76.6862 	EXP 	movie: autoDraw = False
76.6862 	EXP 	text_2: autoDraw = False
76.6862 	EXP 	text: autoDraw = True
76.9271 	DATA 	Keypress: 3
76.9280 	EXP 	New trial (rep=0, index=24): OrderedDict([('vid', 'stims/22SurpriseMaleWhite.avi'), ('corr', 6)])
77.1482 	EXP 	Created movie = MovieStim3(__class__=<class 'psychopy.visual.movie3.MovieStim3'>, autoLog=True, color=UNKNOWN, colorSpace=UNKNOWN, depth=0.0, filename='stims/22SurpriseMaleWhite.avi', flipHoriz=False, flipVert=False, fps=UNKNOWN, interpolate=True, loop=False, name='movie', noAudio=True, opacity=1.0, ori=0, pos=array([0. , 0.2]), size=array([900., 900.]), units='pix', vframe_callback=UNKNOWN, volume=UNKNOWN, win=Window(...))
77.1696 	EXP 	text: autoDraw = False
77.1696 	EXP 	movie: movie = 'stims/22SurpriseMaleWhite.avi'
77.1696 	EXP 	movie: autoLog = True
77.1696 	EXP 	movie: autoDraw = True
77.1696 	EXP 	text_2: autoDraw = True
77.4696 	DATA 	Keypress: space
77.4862 	EXP 	movie: autoDraw = False
77.4862 	EXP 	text_2: autoDraw = False
77.4862 	EXP 	text: autoDraw = True
77.7030 	DATA 	Keypress: 4
77.7037 	EXP 	New trial (rep=0, index=25): OrderedDict([('vid', 'stims/25DisgustFemaleWhite.avi'), ('corr', 5)])
77.9122 	EXP 	Created movie = MovieStim3(__class__=<class 'psychopy.visual.movie3.MovieStim3'>, autoLog=True, color=UNKNOWN, colorSpace=UNKNOWN, depth=0.0, filename='stims/25DisgustFemaleWhite.avi', flipHoriz=False, flipVert=False, fps=UNKNOWN, interpolate=True, loop=False, name='movie', noAudio=True, opacity=1.0, ori=0, pos=array([0. , 0.2]), size=array([900., 900.]), units='pix', vframe_callback=UNKNOWN, volume=UNKNOWN, win=Window(...))
77.9361 	EXP 	text: autoDraw = False
77.9361 	EXP 	movie: movie = 'stims/25DisgustFemaleWhite.avi'
77.9361 	EXP 	movie: autoLog = True
77.9361 	EXP 	movie: autoDraw = True
77.9361 	EXP 	text_2: autoDraw = True
78.2196 	DATA 	Keypress: space
78.2361 	EXP 	movie: autoDraw = False
78.2361 	EXP 	text_2: autoDraw = False
78.2361 	EXP 	text: autoDraw = True
78.5529 	DATA 	Keypress: 2
78.5535 	EXP 	New trial (rep=0, index=26): OrderedDict([('vid', 'stims/01HappyMaleWhite.avi'), ('corr', 3)])
78.7913 	EXP 	Created movie = MovieStim3(__class__=<class 'psychopy.visual.movie3.MovieStim3'>, autoLog=True, color=UNKNOWN, colorSpace=UNKNOWN, depth=0.0, filename='stims/01HappyMaleWhite.avi', flipHoriz=False, flipVert=False, fps=UNKNOWN, interpolate=True, loop=False, name='movie', noAudio=True, opacity=1.0, ori=0, pos=array([0. , 0.2]), size=array([900., 900.]), units='pix', vframe_callback=UNKNOWN, volume=UNKNOWN, win=Window(...))
78.8195 	EXP 	text: autoDraw = False
78.8195 	EXP 	movie: movie = 'stims/01HappyMaleWhite.avi'
78.8195 	EXP 	movie: autoLog = True
78.8195 	EXP 	movie: autoDraw = True
78.8195 	EXP 	text_2: autoDraw = True
79.1696 	DATA 	Keypress: space
79.1860 	EXP 	movie: autoDraw = False
79.1860 	EXP 	text_2: autoDraw = False
79.1860 	EXP 	text: autoDraw = True
79.4862 	DATA 	Keypress: 5
79.4868 	EXP 	New trial (rep=0, index=27): OrderedDict([('vid', 'stims/30NeutralMaleWhite.avi'), ('corr', 7)])
79.7327 	EXP 	Created movie = MovieStim3(__class__=<class 'psychopy.visual.movie3.MovieStim3'>, autoLog=True, color=UNKNOWN, colorSpace=UNKNOWN, depth=0.0, filename='stims/30NeutralMaleWhite.avi', flipHoriz=False, flipVert=False, fps=UNKNOWN, interpolate=True, loop=False, name='movie', noAudio=True, opacity=1.0, ori=0, pos=array([0. , 0.2]), size=array([900., 900.]), units='pix', vframe_callback=UNKNOWN, volume=UNKNOWN, win=Window(...))
79.7527 	EXP 	text: autoDraw = False
79.7527 	EXP 	movie: movie = 'stims/30NeutralMaleWhite.avi'
79.7527 	EXP 	movie: autoLog = True
79.7527 	EXP 	movie: autoDraw = True
79.7527 	EXP 	text_2: autoDraw = True
79.9861 	DATA 	Keypress: space
80.0027 	EXP 	movie: autoDraw = False
80.0027 	EXP 	text_2: autoDraw = False
80.0027 	EXP 	text: autoDraw = True
80.2362 	DATA 	Keypress: 4
80.2368 	EXP 	New trial (rep=0, index=28): OrderedDict([('vid', 'stims/29DisgustFemaleWhite.avi'), ('corr', 5)])
80.4449 	EXP 	Created movie = MovieStim3(__class__=<class 'psychopy.visual.movie3.MovieStim3'>, autoLog=True, color=UNKNOWN, colorSpace=UNKNOWN, depth=0.0, filename='stims/29DisgustFemaleWhite.avi', flipHoriz=False, flipVert=False, fps=UNKNOWN, interpolate=True, loop=False, name='movie', noAudio=True, opacity=1.0, ori=0, pos=array([0. , 0.2]), size=array([900., 900.]), units='pix', vframe_callback=UNKNOWN, volume=UNKNOWN, win=Window(...))
80.4694 	EXP 	text: autoDraw = False
80.4694 	EXP 	movie: movie = 'stims/29DisgustFemaleWhite.avi'
80.4694 	EXP 	movie: autoLog = True
80.4694 	EXP 	movie: autoDraw = True
80.4694 	EXP 	text_2: autoDraw = True
80.7028 	DATA 	Keypress: space
80.7193 	EXP 	movie: autoDraw = False
80.7193 	EXP 	text_2: autoDraw = False
80.7193 	EXP 	text: autoDraw = True
80.9694 	DATA 	Keypress: 3
80.9700 	EXP 	New trial (rep=0, index=29): OrderedDict([('vid', 'stims/16DisgustMaleWhite.avi'), ('corr', 5)])
81.1706 	EXP 	Created movie = MovieStim3(__class__=<class 'psychopy.visual.movie3.MovieStim3'>, autoLog=True, color=UNKNOWN, colorSpace=UNKNOWN, depth=0.0, filename='stims/16DisgustMaleWhite.avi', flipHoriz=False, flipVert=False, fps=UNKNOWN, interpolate=True, loop=False, name='movie', noAudio=True, opacity=1.0, ori=0, pos=array([0. , 0.2]), size=array([900., 900.]), units='pix', vframe_callback=UNKNOWN, volume=UNKNOWN, win=Window(...))
81.2027 	EXP 	text: autoDraw = False
81.2027 	EXP 	movie: movie = 'stims/16DisgustMaleWhite.avi'
81.2027 	EXP 	movie: autoLog = True
81.2027 	EXP 	movie: autoDraw = True
81.2027 	EXP 	text_2: autoDraw = True
81.4361 	DATA 	Keypress: space
81.4526 	EXP 	movie: autoDraw = False
81.4526 	EXP 	text_2: autoDraw = False
81.4526 	EXP 	text: autoDraw = True
81.6694 	DATA 	Keypress: 2
81.6701 	EXP 	New trial (rep=0, index=30): OrderedDict([('vid', 'stims/26DisgustFemaleWhite.avi'), ('corr', 5)])
81.8893 	EXP 	Created movie = MovieStim3(__class__=<class 'psychopy.visual.movie3.MovieStim3'>, autoLog=True, color=UNKNOWN, colorSpace=UNKNOWN, depth=0.0, filename='stims/26DisgustFemaleWhite.avi', flipHoriz=False, flipVert=False, fps=UNKNOWN, interpolate=True, loop=False, name='movie', noAudio=True, opacity=1.0, ori=0, pos=array([0. , 0.2]), size=array([900., 900.]), units='pix', vframe_callback=UNKNOWN, volume=UNKNOWN, win=Window(...))
81.9194 	EXP 	text: autoDraw = False
81.9194 	EXP 	movie: movie = 'stims/26DisgustFemaleWhite.avi'
81.9194 	EXP 	movie: autoLog = True
81.9194 	EXP 	movie: autoDraw = True
81.9194 	EXP 	text_2: autoDraw = True
82.2193 	DATA 	Keypress: space
82.2359 	EXP 	movie: autoDraw = False
82.2359 	EXP 	text_2: autoDraw = False
82.2359 	EXP 	text: autoDraw = True
82.5527 	DATA 	Keypress: 3
82.5533 	EXP 	New trial (rep=0, index=31): OrderedDict([('vid', 'stims/17DisgustMaleWhite.avi'), ('corr', 5)])
82.7731 	EXP 	Created movie = MovieStim3(__class__=<class 'psychopy.visual.movie3.MovieStim3'>, autoLog=True, color=UNKNOWN, colorSpace=UNKNOWN, depth=0.0, filename='stims/17DisgustMaleWhite.avi', flipHoriz=False, flipVert=False, fps=UNKNOWN, interpolate=True, loop=False, name='movie', noAudio=True, opacity=1.0, ori=0, pos=array([0. , 0.2]), size=array([900., 900.]), units='pix', vframe_callback=UNKNOWN, volume=UNKNOWN, win=Window(...))
82.8044 	EXP 	text: autoDraw = False
82.8044 	EXP 	movie: movie = 'stims/17DisgustMaleWhite.avi'
82.8044 	EXP 	movie: autoLog = True
82.8044 	EXP 	movie: autoDraw = True
82.8044 	EXP 	text_2: autoDraw = True
83.0526 	DATA 	Keypress: space
83.0692 	EXP 	movie: autoDraw = False
83.0692 	EXP 	text_2: autoDraw = False
83.0692 	EXP 	text: autoDraw = True
83.3026 	DATA 	Keypress: 4
83.3032 	EXP 	New trial (rep=0, index=32): OrderedDict([('vid', 'stims/11SadMaleWhite.avi'), ('corr', 4)])
83.5173 	EXP 	Created movie = MovieStim3(__class__=<class 'psychopy.visual.movie3.MovieStim3'>, autoLog=True, color=UNKNOWN, colorSpace=UNKNOWN, depth=0.0, filename='stims/11SadMaleWhite.avi', flipHoriz=False, flipVert=False, fps=UNKNOWN, interpolate=True, loop=False, name='movie', noAudio=True, opacity=1.0, ori=0, pos=array([0. , 0.2]), size=array([900., 900.]), units='pix', vframe_callback=UNKNOWN, volume=UNKNOWN, win=Window(...))
83.5526 	EXP 	text: autoDraw = False
83.5526 	EXP 	movie: movie = 'stims/11SadMaleWhite.avi'
83.5526 	EXP 	movie: autoLog = True
83.5526 	EXP 	movie: autoDraw = True
83.5526 	EXP 	text_2: autoDraw = True
83.7526 	DATA 	Keypress: space
83.7692 	EXP 	movie: autoDraw = False
83.7692 	EXP 	text_2: autoDraw = False
83.7692 	EXP 	text: autoDraw = True
84.0026 	DATA 	Keypress: 5
84.0032 	EXP 	New trial (rep=0, index=33): OrderedDict([('vid', 'stims/34NeutralMaleWhite.avi'), ('corr', 7)])
84.2098 	EXP 	Created movie = MovieStim3(__class__=<class 'psychopy.visual.movie3.MovieStim3'>, autoLog=True, color=UNKNOWN, colorSpace=UNKNOWN, depth=0.0, filename='stims/34NeutralMaleWhite.avi', flipHoriz=False, flipVert=False, fps=UNKNOWN, interpolate=True, loop=False, name='movie', noAudio=True, opacity=1.0, ori=0, pos=array([0. , 0.2]), size=array([900., 900.]), units='pix', vframe_callback=UNKNOWN, volume=UNKNOWN, win=Window(...))
84.2359 	EXP 	text: autoDraw = False
84.2359 	EXP 	movie: movie = 'stims/34NeutralMaleWhite.avi'
84.2359 	EXP 	movie: autoLog = True
84.2359 	EXP 	movie: autoDraw = True
84.2359 	EXP 	text_2: autoDraw = True
84.5026 	DATA 	Keypress: space
84.5191 	EXP 	movie: autoDraw = False
84.5191 	EXP 	text_2: autoDraw = False
84.5191 	EXP 	text: autoDraw = True
84.7192 	DATA 	Keypress: 4
84.7198 	EXP 	New trial (rep=0, index=34): OrderedDict([('vid', 'stims/32FearMaleWhite.avi'), ('corr', 1)])
84.9206 	EXP 	Created movie = MovieStim3(__class__=<class 'psychopy.visual.movie3.MovieStim3'>, autoLog=True, color=UNKNOWN, colorSpace=UNKNOWN, depth=0.0, filename='stims/32FearMaleWhite.avi', flipHoriz=False, flipVert=False, fps=UNKNOWN, interpolate=True, loop=False, name='movie', noAudio=True, opacity=1.0, ori=0, pos=array([0. , 0.2]), size=array([900., 900.]), units='pix', vframe_callback=UNKNOWN, volume=UNKNOWN, win=Window(...))
84.9524 	EXP 	text: autoDraw = False
84.9524 	EXP 	movie: movie = 'stims/32FearMaleWhite.avi'
84.9524 	EXP 	movie: autoLog = True
84.9524 	EXP 	movie: autoDraw = True
84.9524 	EXP 	text_2: autoDraw = True
85.1525 	DATA 	Keypress: space
85.1690 	EXP 	movie: autoDraw = False
85.1690 	EXP 	text_2: autoDraw = False
85.1690 	EXP 	text: autoDraw = True
85.3192 	DATA 	Keypress: 3
85.3198 	EXP 	New trial (rep=0, index=35): OrderedDict([('vid', 'stims/13FearFemaleWhite.avi'), ('corr', 1)])
85.5470 	EXP 	Created movie = MovieStim3(__class__=<class 'psychopy.visual.movie3.MovieStim3'>, autoLog=True, color=UNKNOWN, colorSpace=UNKNOWN, depth=0.0, filename='stims/13FearFemaleWhite.avi', flipHoriz=False, flipVert=False, fps=UNKNOWN, interpolate=True, loop=False, name='movie', noAudio=True, opacity=1.0, ori=0, pos=array([0. , 0.2]), size=array([900., 900.]), units='pix', vframe_callback=UNKNOWN, volume=UNKNOWN, win=Window(...))
85.5691 	EXP 	text: autoDraw = False
85.5691 	EXP 	movie: movie = 'stims/13FearFemaleWhite.avi'
85.5691 	EXP 	movie: autoLog = True
85.5691 	EXP 	movie: autoDraw = True
85.5691 	EXP 	text_2: autoDraw = True
85.7692 	DATA 	Keypress: space
85.7857 	EXP 	movie: autoDraw = False
85.7857 	EXP 	text_2: autoDraw = False
85.7857 	EXP 	text: autoDraw = True
85.8858 	DATA 	Keypress: 2
85.9023 	EXP 	text: autoDraw = False
85.9023 	EXP 	end_text: autoDraw = True
87.9940 	EXP 	window1: mouseVisible = True
